<?xml version="1.0" encoding="UTF-8"?>
<testsuite name="com.example.carservice.CarserviceApplicationTests" tests="1" skipped="0" failures="0" errors="0" timestamp="2019-10-25T07:36:39" hostname="MacBook-Pro-de-Ines-2.local" time="0.432">
  <properties/>
  <testcase name="contextLoads" classname="com.example.carservice.CarserviceApplicationTests" time="0.432"/>
  <system-out><![CDATA[09:36:34.005 [Test worker] DEBUG org.springframework.test.context.junit4.SpringJUnit4ClassRunner - SpringJUnit4ClassRunner constructor called with [class com.example.carservice.CarserviceApplicationTests]
09:36:34.020 [Test worker] DEBUG org.springframework.test.context.BootstrapUtils - Instantiating CacheAwareContextLoaderDelegate from class [org.springframework.test.context.cache.DefaultCacheAwareContextLoaderDelegate]
09:36:34.036 [Test worker] DEBUG org.springframework.test.context.BootstrapUtils - Instantiating BootstrapContext using constructor [public org.springframework.test.context.support.DefaultBootstrapContext(java.lang.Class,org.springframework.test.context.CacheAwareContextLoaderDelegate)]
09:36:34.066 [Test worker] DEBUG org.springframework.test.context.BootstrapUtils - Instantiating TestContextBootstrapper for test class [com.example.carservice.CarserviceApplicationTests] from class [org.springframework.boot.test.context.SpringBootTestContextBootstrapper]
09:36:34.094 [Test worker] INFO org.springframework.boot.test.context.SpringBootTestContextBootstrapper - Neither @ContextConfiguration nor @ContextHierarchy found for test class [com.example.carservice.CarserviceApplicationTests], using SpringBootContextLoader
09:36:34.098 [Test worker] DEBUG org.springframework.test.context.support.AbstractContextLoader - Did not detect default resource location for test class [com.example.carservice.CarserviceApplicationTests]: class path resource [com/example/carservice/CarserviceApplicationTests-context.xml] does not exist
09:36:34.100 [Test worker] DEBUG org.springframework.test.context.support.AbstractContextLoader - Did not detect default resource location for test class [com.example.carservice.CarserviceApplicationTests]: class path resource [com/example/carservice/CarserviceApplicationTestsContext.groovy] does not exist
09:36:34.101 [Test worker] INFO org.springframework.test.context.support.AbstractContextLoader - Could not detect default resource locations for test class [com.example.carservice.CarserviceApplicationTests]: no resource found for suffixes {-context.xml, Context.groovy}.
09:36:34.103 [Test worker] INFO org.springframework.test.context.support.AnnotationConfigContextLoaderUtils - Could not detect default configuration classes for test class [com.example.carservice.CarserviceApplicationTests]: CarserviceApplicationTests does not declare any static, non-private, non-final, nested classes annotated with @Configuration.
09:36:34.161 [Test worker] DEBUG org.springframework.test.context.support.ActiveProfilesUtils - Could not find an 'annotation declaring class' for annotation type [org.springframework.test.context.ActiveProfiles] and class [com.example.carservice.CarserviceApplicationTests]
09:36:34.281 [Test worker] DEBUG org.springframework.context.annotation.ClassPathScanningCandidateComponentProvider - Identified candidate component class: file [/Users/ineszarga/Documents/1_Cours/M1/Cloud/TP3-master/build/classes/java/main/com/example/carservice/CarServiceApplication.class]
09:36:34.283 [Test worker] INFO org.springframework.boot.test.context.SpringBootTestContextBootstrapper - Found @SpringBootConfiguration com.example.carservice.CarServiceApplication for test class com.example.carservice.CarserviceApplicationTests
09:36:34.423 [Test worker] DEBUG org.springframework.boot.test.context.SpringBootTestContextBootstrapper - @TestExecutionListeners is not present for class [com.example.carservice.CarserviceApplicationTests]: using defaults.
09:36:34.425 [Test worker] INFO org.springframework.boot.test.context.SpringBootTestContextBootstrapper - Loaded default TestExecutionListener class names from location [META-INF/spring.factories]: [org.springframework.boot.test.autoconfigure.restdocs.RestDocsTestExecutionListener, org.springframework.boot.test.autoconfigure.web.client.MockRestServiceServerResetTestExecutionListener, org.springframework.boot.test.autoconfigure.web.servlet.MockMvcPrintOnlyOnFailureTestExecutionListener, org.springframework.boot.test.autoconfigure.web.servlet.WebDriverTestExecutionListener, org.springframework.boot.test.mock.mockito.MockitoTestExecutionListener, org.springframework.boot.test.mock.mockito.ResetMocksTestExecutionListener, org.springframework.test.context.web.ServletTestExecutionListener, org.springframework.test.context.support.DirtiesContextBeforeModesTestExecutionListener, org.springframework.test.context.support.DependencyInjectionTestExecutionListener, org.springframework.test.context.support.DirtiesContextTestExecutionListener, org.springframework.test.context.transaction.TransactionalTestExecutionListener, org.springframework.test.context.jdbc.SqlScriptsTestExecutionListener]
09:36:34.446 [Test worker] DEBUG org.springframework.boot.test.context.SpringBootTestContextBootstrapper - Skipping candidate TestExecutionListener [org.springframework.test.context.transaction.TransactionalTestExecutionListener] due to a missing dependency. Specify custom listener classes or make the default listener classes and their required dependencies available. Offending class: [org/springframework/transaction/interceptor/TransactionAttributeSource]
09:36:34.447 [Test worker] DEBUG org.springframework.boot.test.context.SpringBootTestContextBootstrapper - Skipping candidate TestExecutionListener [org.springframework.test.context.jdbc.SqlScriptsTestExecutionListener] due to a missing dependency. Specify custom listener classes or make the default listener classes and their required dependencies available. Offending class: [org/springframework/transaction/interceptor/TransactionAttribute]
09:36:34.448 [Test worker] INFO org.springframework.boot.test.context.SpringBootTestContextBootstrapper - Using TestExecutionListeners: [org.springframework.test.context.web.ServletTestExecutionListener@2c9ca658, org.springframework.test.context.support.DirtiesContextBeforeModesTestExecutionListener@2b44e0ae, org.springframework.boot.test.mock.mockito.MockitoTestExecutionListener@69d1cc80, org.springframework.boot.test.autoconfigure.SpringBootDependencyInjectionTestExecutionListener@7723a097, org.springframework.test.context.support.DirtiesContextTestExecutionListener@3ec4664d, org.springframework.boot.test.autoconfigure.restdocs.RestDocsTestExecutionListener@3209b0ab, org.springframework.boot.test.autoconfigure.web.client.MockRestServiceServerResetTestExecutionListener@555bdfa6, org.springframework.boot.test.autoconfigure.web.servlet.MockMvcPrintOnlyOnFailureTestExecutionListener@3f16ea82, org.springframework.boot.test.autoconfigure.web.servlet.WebDriverTestExecutionListener@22fd1523, org.springframework.boot.test.mock.mockito.ResetMocksTestExecutionListener@5d8e753f]
09:36:34.452 [Test worker] DEBUG org.springframework.test.annotation.ProfileValueUtils - Retrieved @ProfileValueSourceConfiguration [null] for test class [com.example.carservice.CarserviceApplicationTests]
09:36:34.454 [Test worker] DEBUG org.springframework.test.annotation.ProfileValueUtils - Retrieved ProfileValueSource type [class org.springframework.test.annotation.SystemProfileValueSource] for class [com.example.carservice.CarserviceApplicationTests]
09:36:34.456 [Test worker] DEBUG org.springframework.test.annotation.ProfileValueUtils - Retrieved @ProfileValueSourceConfiguration [null] for test class [com.example.carservice.CarserviceApplicationTests]
09:36:34.456 [Test worker] DEBUG org.springframework.test.annotation.ProfileValueUtils - Retrieved ProfileValueSource type [class org.springframework.test.annotation.SystemProfileValueSource] for class [com.example.carservice.CarserviceApplicationTests]
09:36:34.464 [Test worker] DEBUG org.springframework.test.context.support.AbstractDirtiesContextTestExecutionListener - Before test class: context [DefaultTestContext@133115b3 testClass = CarserviceApplicationTests, testInstance = [null], testMethod = [null], testException = [null], mergedContextConfiguration = [WebMergedContextConfiguration@3e9e3553 testClass = CarserviceApplicationTests, locations = '{}', classes = '{class com.example.carservice.CarServiceApplication}', contextInitializerClasses = '[]', activeProfiles = '{}', propertySourceLocations = '{}', propertySourceProperties = '{org.springframework.boot.test.context.SpringBootTestContextBootstrapper=true}', contextCustomizers = set[org.springframework.boot.test.autoconfigure.properties.PropertyMappingContextCustomizer@0, org.springframework.boot.test.autoconfigure.web.servlet.WebDriverContextCustomizerFactory$Customizer@54cdd03e, org.springframework.boot.test.context.filter.ExcludeFilterContextCustomizer@48b1d22d, org.springframework.boot.test.json.DuplicateJsonObjectContextCustomizerFactory$DuplicateJsonObjectContextCustomizer@ca06417, org.springframework.boot.test.mock.mockito.MockitoContextCustomizer@0, org.springframework.boot.test.web.client.TestRestTemplateContextCustomizer@62652cf], resourceBasePath = 'src/main/webapp', contextLoader = 'org.springframework.boot.test.context.SpringBootContextLoader', parent = [null]], attributes = map['org.springframework.test.context.web.ServletTestExecutionListener.activateListener' -> true]], class annotated with @DirtiesContext [false] with mode [null].
09:36:34.465 [Test worker] DEBUG org.springframework.test.annotation.ProfileValueUtils - Retrieved @ProfileValueSourceConfiguration [null] for test class [com.example.carservice.CarserviceApplicationTests]
09:36:34.466 [Test worker] DEBUG org.springframework.test.annotation.ProfileValueUtils - Retrieved ProfileValueSource type [class org.springframework.test.annotation.SystemProfileValueSource] for class [com.example.carservice.CarserviceApplicationTests]
09:36:34.498 [Test worker] DEBUG org.springframework.test.context.support.TestPropertySourceUtils - Adding inlined properties to environment: {spring.jmx.enabled=false, org.springframework.boot.test.context.SpringBootTestContextBootstrapper=true, server.port=-1}

  .   ____          _            __ _ _
 /\\ / ___'_ __ _ _(_)_ __  __ _ \ \ \ \
( ( )\___ | '_ | '_| | '_ \/ _` | \ \ \ \
 \\/  ___)| |_)| | | | | || (_| |  ) ) ) )
  '  |____| .__|_| |_|_| |_\__, | / / / /
 =========|_|==============|___/=/_/_/_/
 :: Spring Boot ::        (v2.1.0.RELEASE)

2019-10-25 09:36:34.943  INFO 20538 --- [    Test worker] c.e.c.CarserviceApplicationTests         : Starting CarserviceApplicationTests on MacBook-Pro-de-Ines-2.local with PID 20538 (started by ineszarga in /Users/ineszarga/Documents/1_Cours/M1/Cloud/TP3-master)
2019-10-25 09:36:34.957  INFO 20538 --- [    Test worker] c.e.c.CarserviceApplicationTests         : No active profile set, falling back to default profiles: default
2019-10-25 09:36:38.654  INFO 20538 --- [    Test worker] o.s.s.concurrent.ThreadPoolTaskExecutor  : Initializing ExecutorService 'applicationTaskExecutor'
2019-10-25 09:36:39.120  INFO 20538 --- [    Test worker] c.e.c.CarserviceApplicationTests         : Started CarserviceApplicationTests in 4.606 seconds (JVM running for 6.155)
]]></system-out>
  <system-err><![CDATA[]]></system-err>
</testsuite>
